<?xml version="1.0" encoding="UTF-8"?>
<!-- Generated by org.testng.reporters.JUnitXMLReporter -->
<testsuite ignored="0" hostname="DESKTOP-DSNGGPE" failures="0" tests="5" name="Default test" time="0.957" errors="0" timestamp="2021-06-24T22:27:10 IST">
  <testcase classname="dataDriven.excelDataProvider.dataProvider" name="testCaseData" time="0.019"/>
  <testcase classname="dataDriven.excelDataProvider.dataProvider" name="testCaseData" time="0.005"/>
  <testcase classname="dataDriven.excelDataProvider.dataProvider" name="testCaseData" time="0.003"/>
  <testcase classname="dataDriven.excelDataProvider.dataProvider" name="testCaseData" time="0.003"/>
  <testcase classname="dataDriven.excelDataProvider.dataProvider" name="testCaseData" time="0.003"/>
</testsuite> <!-- Default test -->
