<?xml version="1.0" encoding="UTF-8"?>
<testng-results ignored="0" total="5" passed="5" failed="0" skipped="0">
  <reporter-output>
  </reporter-output>
  <suite started-at="2021-06-24T22:27:09 IST" name="Default suite" finished-at="2021-06-24T22:27:10 IST" duration-ms="957">
    <groups>
    </groups>
    <test started-at="2021-06-24T22:27:09 IST" name="Default test" finished-at="2021-06-24T22:27:10 IST" duration-ms="957">
      <class name="dataDriven.excelDataProvider.dataProvider">
        <test-method signature="testCaseData(java.lang.String,java.lang.String,java.lang.String)[pri:0, instance:dataDriven.excelDataProvider.dataProvider@bd4dc25]" started-at="2021-06-24T22:27:10 IST" name="testCaseData" data-provider="drivertest" finished-at="2021-06-24T22:27:10 IST" duration-ms="19" status="PASS">
          <params>
            <param index="0">
              <value>
                <![CDATA[hello1]]>
              </value>
            </param>
            <param index="1">
              <value>
                <![CDATA[text1]]>
              </value>
            </param>
            <param index="2">
              <value>
                <![CDATA[1]]>
              </value>
            </param>
          </params>
          <reporter-output>
          </reporter-output>
        </test-method> <!-- testCaseData -->
        <test-method signature="testCaseData(java.lang.String,java.lang.String,java.lang.String)[pri:0, instance:dataDriven.excelDataProvider.dataProvider@bd4dc25]" started-at="2021-06-24T22:27:10 IST" name="testCaseData" data-provider="drivertest" finished-at="2021-06-24T22:27:10 IST" duration-ms="5" status="PASS">
          <params>
            <param index="0">
              <value>
                <![CDATA[hello2]]>
              </value>
            </param>
            <param index="1">
              <value>
                <![CDATA[text2]]>
              </value>
            </param>
            <param index="2">
              <value>
                <![CDATA[2]]>
              </value>
            </param>
          </params>
          <reporter-output>
          </reporter-output>
        </test-method> <!-- testCaseData -->
        <test-method signature="testCaseData(java.lang.String,java.lang.String,java.lang.String)[pri:0, instance:dataDriven.excelDataProvider.dataProvider@bd4dc25]" started-at="2021-06-24T22:27:10 IST" name="testCaseData" data-provider="drivertest" finished-at="2021-06-24T22:27:10 IST" duration-ms="3" status="PASS">
          <params>
            <param index="0">
              <value>
                <![CDATA[hello3]]>
              </value>
            </param>
            <param index="1">
              <value>
                <![CDATA[text3]]>
              </value>
            </param>
            <param index="2">
              <value>
                <![CDATA[3]]>
              </value>
            </param>
          </params>
          <reporter-output>
          </reporter-output>
        </test-method> <!-- testCaseData -->
        <test-method signature="testCaseData(java.lang.String,java.lang.String,java.lang.String)[pri:0, instance:dataDriven.excelDataProvider.dataProvider@bd4dc25]" started-at="2021-06-24T22:27:10 IST" name="testCaseData" data-provider="drivertest" finished-at="2021-06-24T22:27:10 IST" duration-ms="3" status="PASS">
          <params>
            <param index="0">
              <value>
                <![CDATA[hello4]]>
              </value>
            </param>
            <param index="1">
              <value>
                <![CDATA[text4]]>
              </value>
            </param>
            <param index="2">
              <value>
                <![CDATA[4]]>
              </value>
            </param>
          </params>
          <reporter-output>
          </reporter-output>
        </test-method> <!-- testCaseData -->
        <test-method signature="testCaseData(java.lang.String,java.lang.String,java.lang.String)[pri:0, instance:dataDriven.excelDataProvider.dataProvider@bd4dc25]" started-at="2021-06-24T22:27:10 IST" name="testCaseData" data-provider="drivertest" finished-at="2021-06-24T22:27:10 IST" duration-ms="3" status="PASS">
          <params>
            <param index="0">
              <value>
                <![CDATA[hello5]]>
              </value>
            </param>
            <param index="1">
              <value>
                <![CDATA[text5]]>
              </value>
            </param>
            <param index="2">
              <value>
                <![CDATA[5]]>
              </value>
            </param>
          </params>
          <reporter-output>
          </reporter-output>
        </test-method> <!-- testCaseData -->
      </class> <!-- dataDriven.excelDataProvider.dataProvider -->
    </test> <!-- Default test -->
  </suite> <!-- Default suite -->
</testng-results>
